<?xml version="1.0" encoding="UTF-8"?>
<testsuite xmlns:xsi="http://www.w3.org/2001/XMLSchema-instance" xsi:noNamespaceSchemaLocation="https://maven.apache.org/surefire/maven-surefire-plugin/xsd/surefire-test-report.xsd" name="TestSuite" time="31.034" tests="7" errors="0" skipped="0" failures="0">
  <properties>
[...]
</properties>
  <testcase name="login_success" classname="mypkg.LearningProperty" time="2.649"/>
  <testcase name="testProperty" classname="mypkg.testproperty" time="0.004"/>
  <testcase name="setup1" classname="mypkg.MyTestNGClass" time="0"/>
  <testcase name="setup2" classname="mypkg.MyTestNGClass" time="0"/>
  <testcase name="setup3" classname="mypkg.MyTestNGClass" time="0"/>
  <testcase name="setup4" classname="mypkg.MyTestNGClass" time="0"/>
  <testcase name="testclass" classname="mypkg.testngclass2" time="18.094"/>
</testsuite>