<?xml version="1.0" encoding="UTF-8"?>
<testng-results ignored="0" total="7" passed="7" failed="0" skipped="0">
  <reporter-output>
  </reporter-output>
  <suite started-at="2019-05-18T09:30:33Z" name="WebTestSuite" finished-at="2019-05-18T09:31:00Z" duration-ms="27671">
    <groups>
    </groups>
    <test started-at="2019-05-18T09:30:33Z" name="WebAutomation" finished-at="2019-05-18T09:31:00Z" duration-ms="27671">
      <class name="mypkg.testngclass2">
        <test-method signature="testclass()[pri:0, instance:mypkg.testngclass2@5b03b9fe]" started-at="2019-05-18T09:30:41Z" name="testclass" finished-at="2019-05-18T09:31:00Z" duration-ms="19027" status="PASS">
          <reporter-output>
          </reporter-output>
        </test-method> <!-- testclass -->
      </class> <!-- mypkg.testngclass2 -->
      <class name="mypkg.MyTestNGClass">
        <test-method signature="setup1()[pri:0, instance:mypkg.MyTestNGClass@57cf54e1]" started-at="2019-05-18T09:30:41Z" name="setup1" finished-at="2019-05-18T09:30:41Z" duration-ms="4" status="PASS">
          <reporter-output>
          </reporter-output>
        </test-method> <!-- setup1 -->
        <test-method signature="setup3()[pri:0, instance:mypkg.MyTestNGClass@57cf54e1]" started-at="2019-05-18T09:30:41Z" name="setup3" finished-at="2019-05-18T09:30:41Z" duration-ms="0" status="PASS">
          <reporter-output>
          </reporter-output>
        </test-method> <!-- setup3 -->
        <test-method signature="setup2()[pri:0, instance:mypkg.MyTestNGClass@57cf54e1]" started-at="2019-05-18T09:30:41Z" name="setup2" finished-at="2019-05-18T09:30:41Z" duration-ms="0" status="PASS">
          <reporter-output>
          </reporter-output>
        </test-method> <!-- setup2 -->
        <test-method signature="setup4()[pri:0, instance:mypkg.MyTestNGClass@57cf54e1]" started-at="2019-05-18T09:30:41Z" name="setup4" finished-at="2019-05-18T09:30:41Z" duration-ms="0" status="PASS">
          <reporter-output>
          </reporter-output>
        </test-method> <!-- setup4 -->
      </class> <!-- mypkg.MyTestNGClass -->
      <class name="mypkg.testproperty">
        <test-method signature="testProperty()[pri:0, instance:mypkg.testproperty@7c711375]" started-at="2019-05-18T09:30:41Z" name="testProperty" finished-at="2019-05-18T09:30:41Z" duration-ms="4" status="PASS">
          <reporter-output>
          </reporter-output>
        </test-method> <!-- testProperty -->
      </class> <!-- mypkg.testproperty -->
      <class name="mypkg.LearningProperty">
        <test-method is-config="true" signature="testProperty2()[pri:0, instance:mypkg.LearningProperty@5a56cdac]" started-at="2019-05-18T09:30:33Z" name="testProperty2" finished-at="2019-05-18T09:30:38Z" duration-ms="4745" status="PASS">
          <reporter-output>
          </reporter-output>
        </test-method> <!-- testProperty2 -->
        <test-method signature="login_success()[pri:0, instance:mypkg.LearningProperty@5a56cdac]" started-at="2019-05-18T09:30:38Z" name="login_success" finished-at="2019-05-18T09:30:41Z" duration-ms="3301" status="PASS">
          <reporter-output>
          </reporter-output>
        </test-method> <!-- login_success -->
      </class> <!-- mypkg.LearningProperty -->
      <class name="mypkg.testemail">
        <test-method is-config="true" signature="sendemail()[pri:0, instance:mypkg.testemail@2805d709]" started-at="2019-05-18T09:31:04Z" name="sendemail" finished-at="2019-05-18T09:31:08Z" duration-ms="4211" status="PASS">
          <reporter-output>
          </reporter-output>
        </test-method> <!-- sendemail -->
      </class> <!-- mypkg.testemail -->
    </test> <!-- WebAutomation -->
  </suite> <!-- WebTestSuite -->
</testng-results>
