<?xml version="1.0" encoding="UTF-8"?>
<!-- Generated by org.testng.reporters.JUnitXMLReporter -->
<testsuite ignored="0" hostname="DESKTOP-OT69J3G" failures="0" tests="8" name="WebAutomation" time="43.193" errors="0" timestamp="18 May 2019 09:46:25 GMT">
  <testcase classname="mypkg.LearningProperty" name="login_success" time="4.281"/>
  <testcase classname="mypkg.testproperty" name="testProperty" time="0.0"/>
  <testcase classname="mypkg.MyTestNGClass" name="setup1" time="0.004"/>
  <testcase classname="mypkg.MyTestNGClass" name="setup2" time="0.0"/>
  <testcase classname="mypkg.MyTestNGClass" name="setup3" time="0.0"/>
  <testcase classname="mypkg.MyTestNGClass" name="setup4" time="0.0"/>
  <testcase classname="mypkg.MyTestNGClass" name="setup5" time="0.0"/>
  <testcase classname="mypkg.testngclass2" name="testclass" time="34.385"/>
</testsuite> <!-- WebAutomation -->
