<?xml version="1.0" encoding="UTF-8"?>
<!-- Generated by org.testng.reporters.JUnitXMLReporter -->
<testsuite ignored="0" hostname="DESKTOP-OT69J3G" failures="0" tests="7" name="WebAutomation" time="26.335" errors="0" timestamp="12 May 2019 10:30:30 GMT">
  <testcase classname="mypkg.LearningProperty" name="login_success" time="4.702"/>
  <testcase classname="mypkg.MyTestNGClass" name="setup1" time="0.0"/>
  <testcase classname="mypkg.MyTestNGClass" name="setup2" time="0.001"/>
  <testcase classname="mypkg.MyTestNGClass" name="setup3" time="0.001"/>
  <testcase classname="mypkg.MyTestNGClass" name="setup4" time="0.0"/>
  <testcase classname="mypkg.testngclass2" name="testclass" time="16.431"/>
  <testcase classname="mypkg.testproperty" name="testProperty" time="0.001"/>
</testsuite> <!-- WebAutomation -->
